<?xml version="1.0" encoding="UTF-8"?>
<!-- Generated by org.testng.reporters.JUnitReportReporter -->
<testsuite hostname="skull-scyther" failures="0" tests="6" name="tests.TS_CourseSearch" time="26.431" errors="0" timestamp="2020-10-30T18:05:11 IST" skipped="0">
  <testcase classname="tests.TS_CourseSearch" name="TC_SearchTextBox" time="3.759"/>
  <testcase classname="tests.TS_CourseSearch" name="TC_SearchButtonClickable" time="6.283"/>
  <testcase classname="tests.TS_CourseSearch" name="TC_FilterLanguage" time="4.150"/>
  <testcase classname="tests.TS_CourseSearch" name="TC_FilterLevel" time="0.659"/>
  <testcase classname="tests.TS_CourseSearch" name="TC_CourseAvailability" time="0.291"/>
  <testcase classname="tests.TS_CourseSearch" name="TC_CourseDuration" time="11.289"/>
</testsuite> <!-- tests.TS_CourseSearch -->
